[35m[1mScanning dependencies of target viconTranslator[0m
[ 50%] [32mBuilding CXX object CMakeFiles/viconTranslator.dir/src/vicon_translator.cpp.o[0m
[01m[K/home/ubuntu/catkin_ws/src/cinema_pkg/src/vicon_translator.cpp:[m[K In function ‘[01m[Kvoid viconCallback(const ConstPtr&)[m[K’:
[01m[K/home/ubuntu/catkin_ws/src/cinema_pkg/src/vicon_translator.cpp:9:20:[m[K [01;31m[Kerror: [m[K‘[01m[Kconst ConstPtr[m[K’ {aka ‘[01m[Kconst class boost::shared_ptr<const geometry_msgs::TransformStamped_<std::allocator<void> > >[m[K’} has no member named ‘[01m[Kheader[m[K’
    9 |  msg.header = data.[01;31m[Kheader[m[K;
      |                    [01;31m[K^~~~~~[m[K
[01m[K/home/ubuntu/catkin_ws/src/cinema_pkg/src/vicon_translator.cpp:10:29:[m[K [01;31m[Kerror: [m[K‘[01m[Kconst ConstPtr[m[K’ {aka ‘[01m[Kconst class boost::shared_ptr<const geometry_msgs::TransformStamped_<std::allocator<void> > >[m[K’} has no member named ‘[01m[Ktransform[m[K’
   10 |  msg.pose.position.x = data.[01;31m[Ktransform[m[K.translation.x;
      |                             [01;31m[K^~~~~~~~~[m[K
[01m[K/home/ubuntu/catkin_ws/src/cinema_pkg/src/vicon_translator.cpp:11:29:[m[K [01;31m[Kerror: [m[K‘[01m[Kconst ConstPtr[m[K’ {aka ‘[01m[Kconst class boost::shared_ptr<const geometry_msgs::TransformStamped_<std::allocator<void> > >[m[K’} has no member named ‘[01m[Ktransform[m[K’
   11 |  msg.pose.position.y = data.[01;31m[Ktransform[m[K.translation.y;
      |                             [01;31m[K^~~~~~~~~[m[K
[01m[K/home/ubuntu/catkin_ws/src/cinema_pkg/src/vicon_translator.cpp:12:29:[m[K [01;31m[Kerror: [m[K‘[01m[Kconst ConstPtr[m[K’ {aka ‘[01m[Kconst class boost::shared_ptr<const geometry_msgs::TransformStamped_<std::allocator<void> > >[m[K’} has no member named ‘[01m[Ktransform[m[K’
   12 |  msg.pose.position.z = data.[01;31m[Ktransform[m[K.translation.z;
      |                             [01;31m[K^~~~~~~~~[m[K
[01m[K/home/ubuntu/catkin_ws/src/cinema_pkg/src/vicon_translator.cpp:13:30:[m[K [01;31m[Kerror: [m[K‘[01m[Kconst ConstPtr[m[K’ {aka ‘[01m[Kconst class boost::shared_ptr<const geometry_msgs::TransformStamped_<std::allocator<void> > >[m[K’} has no member named ‘[01m[Krotation[m[K’
   13 |  msg.pose.orientation = data.[01;31m[Krotation[m[K;
      |                              [01;31m[K^~~~~~~~[m[K
make[2]: *** [CMakeFiles/viconTranslator.dir/build.make:63: CMakeFiles/viconTranslator.dir/src/vicon_translator.cpp.o] Error 1
make[1]: *** [CMakeFiles/Makefile2:781: CMakeFiles/viconTranslator.dir/all] Error 2
make: *** [Makefile:141: all] Error 2
